0 info it worked if it ends with ok
1 verbose cli [ 'E:\\Program Files\\nodejs\\node.exe',
1 verbose cli   'E:\\Program Files\\nodejs\\node_modules\\npm\\bin\\npm-cli.js',
1 verbose cli   'run',
1 verbose cli   'build' ]
2 info using npm@3.8.9
3 info using node@v6.2.0
4 verbose run-script [ 'prebuild', 'build', 'postbuild' ]
5 info lifecycle learn@1.0.0~prebuild: learn@1.0.0
6 silly lifecycle learn@1.0.0~prebuild: no script for prebuild, continuing
7 info lifecycle learn@1.0.0~build: learn@1.0.0
8 verbose lifecycle learn@1.0.0~build: unsafe-perm in lifecycle true
9 verbose lifecycle learn@1.0.0~build: PATH: E:\Program Files\nodejs\node_modules\npm\bin\node-gyp-bin;C:\Users\Administrator\AppData\Roaming\npm\node_modules\vueg\example\node_modules\.bin;C:\Users\Administrator\AppData\Roaming\npm\node_modules\.bin;E:\Program Files\nodejs;C:\Users\Administrator\bin;E:\Program Files\Git\mingw64\bin;E:\Program Files\Git\usr\local\bin;E:\Program Files\Git\usr\bin;E:\Program Files\Git\usr\bin;E:\Program Files\Git\mingw64\bin;E:\Program Files\Git\usr\bin;C:\Users\Administrator\bin;E:\Program Files\jdk8\bin;C:\ProgramData\Oracle\Java\javapath;C:\Windows\system32;C:\Windows;C:\Windows\System32\Wbem;C:\Windows\System32\WindowsPowerShell\v1.0;E:\Program Files\nodejs;C:\Users\Administrator\.dnx\bin;C:\Program Files\Microsoft DNX\Dnvm;C:\Program Files\Microsoft SQL Server\130\Tools\Binn;E:\Program Files\cmderMINI;E:\Program Files\MongoDB 3.2.9\bin;E:\Program Files\Git\cmd;C:\Users\Administrator\AppData\Roaming\npm;E:\Program Files\Microsoft VS Code\bin;E:\Program Files\Egret Wing 3\bin;E:\Program Files\Git\usr\bin\vendor_perl;E:\Program Files\Git\usr\bin\core_perl
10 verbose lifecycle learn@1.0.0~build: CWD: C:\Users\Administrator\AppData\Roaming\npm\node_modules\vueg\example
11 silly lifecycle learn@1.0.0~build: Args: [ '/d /s /c', 'node build/build.js' ]
12 silly lifecycle learn@1.0.0~build: Returned: code: 1  signal: null
13 info lifecycle learn@1.0.0~build: Failed to exec build script
14 verbose stack Error: learn@1.0.0 build: `node build/build.js`
14 verbose stack Exit status 1
14 verbose stack     at EventEmitter.<anonymous> (E:\Program Files\nodejs\node_modules\npm\lib\utils\lifecycle.js:245:16)
14 verbose stack     at emitTwo (events.js:106:13)
14 verbose stack     at EventEmitter.emit (events.js:191:7)
14 verbose stack     at ChildProcess.<anonymous> (E:\Program Files\nodejs\node_modules\npm\lib\utils\spawn.js:24:14)
14 verbose stack     at emitTwo (events.js:106:13)
14 verbose stack     at ChildProcess.emit (events.js:191:7)
14 verbose stack     at maybeClose (internal/child_process.js:850:16)
14 verbose stack     at Process.ChildProcess._handle.onexit (internal/child_process.js:215:5)
15 verbose pkgid learn@1.0.0
16 verbose cwd C:\Users\Administrator\AppData\Roaming\npm\node_modules\vueg\example
17 error Windows_NT 10.0.10240
18 error argv "E:\\Program Files\\nodejs\\node.exe" "E:\\Program Files\\nodejs\\node_modules\\npm\\bin\\npm-cli.js" "run" "build"
19 error node v6.2.0
20 error npm  v3.8.9
21 error code ELIFECYCLE
22 error learn@1.0.0 build: `node build/build.js`
22 error Exit status 1
23 error Failed at the learn@1.0.0 build script 'node build/build.js'.
23 error Make sure you have the latest version of node.js and npm installed.
23 error If you do, this is most likely a problem with the learn package,
23 error not with npm itself.
23 error Tell the author that this fails on your system:
23 error     node build/build.js
23 error You can get information on how to open an issue for this project with:
23 error     npm bugs learn
23 error Or if that isn't available, you can get their info via:
23 error     npm owner ls learn
23 error There is likely additional logging output above.
24 verbose exit [ 1, true ]
